<?xml version="1.0" encoding="UTF-8"?>
<!-- Generated by org.testng.reporters.JUnitReportReporter -->
<testsuite skipped="0" hostname="WSTIN0130" name="com.disuite.test.thoughtspot.TeraDataSyncPropertiesTest" tests="1" failures="0" timestamp="16 Nov 2020 09:50:54 GMT" time="198.858" errors="0">
  <testcase name="tsDfCreationTest" time="198.858" classname="com.disuite.test.thoughtspot.TeraDataSyncPropertiesTest"/>
</testsuite> <!-- com.disuite.test.thoughtspot.TeraDataSyncPropertiesTest -->
