<?xml version="1.0" encoding="UTF-8"?>
<!-- Generated by org.testng.reporters.JUnitReportReporter -->
<testsuite skipped="0" hostname="Srinu" name="com.disuite.test.thoughtspot.ViewLogTest" tests="1" failures="0" timestamp="2020-08-06T18:05:01 IST" time="54.251" errors="0">
  <testcase name="viewLogTest" time="54.251" classname="com.disuite.test.thoughtspot.ViewLogTest"/>
  <system-out/>
</testsuite> <!-- com.disuite.test.thoughtspot.ViewLogTest -->
