<?xml version="1.0" encoding="UTF-8"?>
<!-- Generated by org.testng.reporters.JUnitReportReporter -->
<testsuite skipped="0" hostname="WSTIN0130" name="com.disuite.test.thoughtspot.CassandraSyncPropertiesTest" tests="3" failures="0" timestamp="12 Nov 2020 15:09:38 GMT" time="423.312" errors="0">
  <testcase name="cassandraDfCreationTest" time="122.203" classname="com.disuite.test.thoughtspot.CassandraSyncPropertiesTest"/>
  <testcase name="cassandraDfCreationTest" time="122.610" classname="com.disuite.test.thoughtspot.CassandraSyncPropertiesTest"/>
  <testcase name="cassandraDfCreationTest" time="178.499" classname="com.disuite.test.thoughtspot.CassandraSyncPropertiesTest"/>
</testsuite> <!-- com.disuite.test.thoughtspot.CassandraSyncPropertiesTest -->
