<?xml version="1.0" encoding="UTF-8"?>
<!-- Generated by org.testng.reporters.JUnitReportReporter -->
<testsuite skipped="0" hostname="WSTIN0130" name="com.disuite.test.thoughtspot.RedshiftSyncPropertiesTest" tests="1" failures="0" timestamp="16 Nov 2020 15:11:21 GMT" time="154.800" errors="0">
  <testcase name="smDfCreationTest" time="154.800" classname="com.disuite.test.thoughtspot.RedshiftSyncPropertiesTest"/>
</testsuite> <!-- com.disuite.test.thoughtspot.RedshiftSyncPropertiesTest -->
