<?xml version="1.0" encoding="UTF-8"?>
<!-- Generated by org.testng.reporters.JUnitReportReporter -->
<testsuite skipped="0" hostname="WSTIN0130" name="com.disuite.test.thoughtspot.DB2SyncPropertiesTest" tests="1" failures="0" timestamp="12 Nov 2020 14:46:23 GMT" time="156.683" errors="0">
  <testcase name="smDfCreationTest" time="156.683" classname="com.disuite.test.thoughtspot.DB2SyncPropertiesTest"/>
</testsuite> <!-- com.disuite.test.thoughtspot.DB2SyncPropertiesTest -->
