<?xml version="1.0" encoding="UTF-8"?>
<!-- Generated by org.testng.reporters.JUnitReportReporter -->
<testsuite skipped="0" hostname="WSTIN0130" name="com.disuite.test.thoughtspot.MySqlSyncPropertiesTest" tests="1" failures="0" timestamp="13 Nov 2020 06:09:09 GMT" time="130.089" errors="0">
  <testcase name="sfDfCreationTest" time="130.089" classname="com.disuite.test.thoughtspot.MySqlSyncPropertiesTest"/>
</testsuite> <!-- com.disuite.test.thoughtspot.MySqlSyncPropertiesTest -->
