<?xml version="1.0" encoding="UTF-8"?>
<!-- Generated by org.testng.reporters.JUnitReportReporter -->
<testsuite skipped="0" hostname="WSTIN0130" name="com.disuite.test.thoughtspot.GCSDataFlowSyncPropertiesTest" tests="1" failures="0" timestamp="13 Nov 2020 04:21:14 GMT" time="181.229" errors="0">
  <testcase name="gcsDfCreationTest" time="181.229" classname="com.disuite.test.thoughtspot.GCSDataFlowSyncPropertiesTest"/>
</testsuite> <!-- com.disuite.test.thoughtspot.GCSDataFlowSyncPropertiesTest -->
