<?xml version="1.0" encoding="UTF-8"?>
<!-- Generated by org.testng.reporters.JUnitReportReporter -->
<testsuite skipped="0" hostname="WSTINR231" name="com.disuite.test.thoughtspot.PrestoDataFlowCreationTest" tests="3" failures="0" timestamp="2020-09-17T22:34:24 IST" time="265.040" errors="0">
  <testcase name="netezzaDFCreation" time="88.858" classname="com.disuite.test.thoughtspot.PrestoDataFlowCreationTest"/>
  <system-out/>
  <testcase name="netezzaDFCreation" time="89.428" classname="com.disuite.test.thoughtspot.PrestoDataFlowCreationTest"/>
  <system-out/>
  <testcase name="netezzaDFCreation" time="86.754" classname="com.disuite.test.thoughtspot.PrestoDataFlowCreationTest"/>
  <system-out/>
</testsuite> <!-- com.disuite.test.thoughtspot.PrestoDataFlowCreationTest -->
