<?xml version="1.0" encoding="UTF-8"?>
<!-- Generated by org.testng.reporters.JUnitReportReporter -->
<testsuite skipped="0" hostname="WSTIN0130" name="com.disuite.test.thoughtspot.MariaDbSyncPropertiesTest" tests="2" failures="0" timestamp="13 Nov 2020 05:44:03 GMT" time="262.941" errors="0">
  <testcase name="mariaDbDfCreationTest" time="138.213" classname="com.disuite.test.thoughtspot.MariaDbSyncPropertiesTest"/>
  <testcase name="mariaDbDfCreationTest" time="124.728" classname="com.disuite.test.thoughtspot.MariaDbSyncPropertiesTest"/>
</testsuite> <!-- com.disuite.test.thoughtspot.MariaDbSyncPropertiesTest -->
