<?xml version="1.0" encoding="UTF-8"?>
<!-- Generated by org.testng.reporters.JUnitReportReporter -->
<testsuite skipped="0" hostname="WSTIN0130" name="com.disuite.test.thoughtspot.SAPSQLAnywhereSyncPropertiesTest" tests="1" failures="0" timestamp="16 Nov 2020 13:29:47 GMT" time="195.686" errors="0">
  <testcase name="smDfCreationTest" time="195.686" classname="com.disuite.test.thoughtspot.SAPSQLAnywhereSyncPropertiesTest"/>
</testsuite> <!-- com.disuite.test.thoughtspot.SAPSQLAnywhereSyncPropertiesTest -->
