<?xml version="1.0" encoding="UTF-8"?>
<!-- Generated by org.testng.reporters.JUnitReportReporter -->
<testsuite skipped="0" hostname="WSTIN0130" name="com.disuite.test.thoughtspot.SnowflakeSyncPropertiesTest" tests="1" failures="0" timestamp="12 Nov 2020 14:27:11 GMT" time="141.544" errors="0">
  <testcase name="sfDfCreationTest" time="141.544" classname="com.disuite.test.thoughtspot.SnowflakeSyncPropertiesTest"/>
</testsuite> <!-- com.disuite.test.thoughtspot.SnowflakeSyncPropertiesTest -->
