<?xml version="1.0" encoding="UTF-8"?>
<!-- Generated by org.testng.reporters.JUnitReportReporter -->
<testsuite skipped="0" hostname="WSTIN0130" name="com.disuite.test.thoughtspot.AmazonS3DfSyncPropertiesTest" tests="1" failures="0" timestamp="12 Nov 2020 12:02:50 GMT" time="153.933" errors="0">
  <testcase name="as3DfCreationTest" time="153.933" classname="com.disuite.test.thoughtspot.AmazonS3DfSyncPropertiesTest"/>
</testsuite> <!-- com.disuite.test.thoughtspot.AmazonS3DfSyncPropertiesTest -->
